0 info it worked if it ends with ok
1 verbose cli [ 'C:\\Program Files\\nodejs\\node.exe',
1 verbose cli   'C:\\Users\\Max\\AppData\\Roaming\\npm\\node_modules\\npm\\bin\\npm-cli.js',
1 verbose cli   'install',
1 verbose cli   '-g',
1 verbose cli   'bower' ]
2 info using npm@2.11.3
3 info using node@v4.2.1
4 verbose install initial load of C:\Users\Max\AppData\Roaming\npm\package.json
5 verbose readDependencies loading dependencies from C:\Users\Max\AppData\Roaming\npm\package.json
6 silly cache add args [ 'bower', null ]
7 verbose cache add spec bower
8 silly cache add parsed spec Result {
8 silly cache add   raw: 'bower',
8 silly cache add   scope: null,
8 silly cache add   name: 'bower',
8 silly cache add   rawSpec: '',
8 silly cache add   spec: '*',
8 silly cache add   type: 'range' }
9 silly addNamed bower@*
10 verbose addNamed "*" is a valid semver range for bower
11 silly addNameRange { name: 'bower', range: '*', hasData: false }
12 silly mapToRegistry name bower
13 silly mapToRegistry using default registry
14 silly mapToRegistry registry https://registry.npmjs.org/
15 silly mapToRegistry uri https://registry.npmjs.org/bower
16 verbose addNameRange registry:https://registry.npmjs.org/bower not in flight; fetching
17 verbose request uri https://registry.npmjs.org/bower
18 verbose request no auth needed
19 info attempt registry request try #1 at 10:32:11 PM
20 verbose request id 2163376fc2c4a4e0
21 http request GET https://registry.npmjs.org/bower
22 http 200 https://registry.npmjs.org/bower
23 silly get cb [ 200,
23 silly get   { server: 'CouchDB/1.5.0 (Erlang OTP/R16B03)',
23 silly get     etag: '"4TJ33TN2L2665EEPU4CC6OL09"',
23 silly get     'content-type': 'application/json',
23 silly get     'cache-control': 'max-age=60',
23 silly get     'content-length': '129718',
23 silly get     'accept-ranges': 'bytes',
23 silly get     date: 'Sat, 24 Oct 2015 05:32:50 GMT',
23 silly get     via: '1.1 varnish',
23 silly get     age: '32',
23 silly get     connection: 'keep-alive',
23 silly get     'x-served-by': 'cache-sjc3134-SJC',
23 silly get     'x-cache': 'HIT',
23 silly get     'x-cache-hits': '2',
23 silly get     'x-timer': 'S1445664770.535430,VS0,VE0',
23 silly get     vary: 'Accept' } ]
24 verbose get saving bower to C:\Users\Max\AppData\Roaming\npm-cache\registry.npmjs.org\bower\.cache.json
25 silly addNameRange number 2 { name: 'bower', range: '*', hasData: true }
26 silly addNameRange versions [ 'bower',
26 silly addNameRange   [ '0.1.0',
26 silly addNameRange     '0.1.2',
26 silly addNameRange     '0.1.3',
26 silly addNameRange     '0.2.0',
26 silly addNameRange     '0.3.0',
26 silly addNameRange     '0.3.1',
26 silly addNameRange     '0.3.2',
26 silly addNameRange     '0.4.0',
26 silly addNameRange     '0.5.0',
26 silly addNameRange     '0.5.1',
26 silly addNameRange     '0.6.0',
26 silly addNameRange     '0.6.1',
26 silly addNameRange     '0.6.2',
26 silly addNameRange     '0.6.3',
26 silly addNameRange     '0.6.4',
26 silly addNameRange     '0.6.5',
26 silly addNameRange     '0.6.6',
26 silly addNameRange     '0.6.7',
26 silly addNameRange     '0.6.8',
26 silly addNameRange     '0.7.0',
26 silly addNameRange     '0.7.1',
26 silly addNameRange     '0.8.0',
26 silly addNameRange     '0.8.1',
26 silly addNameRange     '0.8.2',
26 silly addNameRange     '0.8.3',
26 silly addNameRange     '0.8.4',
26 silly addNameRange     '0.8.5',
26 silly addNameRange     '0.8.6',
26 silly addNameRange     '0.9.0',
26 silly addNameRange     '0.9.1',
26 silly addNameRange     '0.9.2',
26 silly addNameRange     '0.10.0',
26 silly addNameRange     '1.0.0',
26 silly addNameRange     '1.0.1',
26 silly addNameRange     '1.0.2',
26 silly addNameRange     '1.0.3',
26 silly addNameRange     '1.1.0',
26 silly addNameRange     '1.1.1',
26 silly addNameRange     '1.1.2',
26 silly addNameRange     '1.2.0',
26 silly addNameRange     '1.2.1',
26 silly addNameRange     '1.2.2',
26 silly addNameRange     '1.2.3',
26 silly addNameRange     '1.2.4',
26 silly addNameRange     '1.2.5',
26 silly addNameRange     '1.2.6',
26 silly addNameRange     '1.2.7',
26 silly addNameRange     '1.2.8',
26 silly addNameRange     '1.3.0',
26 silly addNameRange     '1.3.1',
26 silly addNameRange     '1.3.2',
26 silly addNameRange     '1.3.3',
26 silly addNameRange     '1.3.4',
26 silly addNameRange     '1.3.5',
26 silly addNameRange     '1.3.6',
26 silly addNameRange     '1.3.7',
26 silly addNameRange     '1.3.8',
26 silly addNameRange     '1.3.9',
26 silly addNameRange     '1.3.10',
26 silly addNameRange     '1.3.11',
26 silly addNameRange     '1.3.12',
26 silly addNameRange     '1.4.0',
26 silly addNameRange     '1.4.1',
26 silly addNameRange     '1.5.0',
26 silly addNameRange     '1.5.1',
26 silly addNameRange     '1.5.2',
26 silly addNameRange     '1.5.3',
26 silly addNameRange     '1.6.2',
26 silly addNameRange     '1.6.3' ] ]
27 silly addNamed bower@1.6.3
28 verbose addNamed "1.6.3" is a plain semver version for bower
29 silly mapToRegistry name bower
30 silly mapToRegistry using default registry
31 silly mapToRegistry registry https://registry.npmjs.org/
32 silly mapToRegistry uri https://registry.npmjs.org/bower
33 verbose addRemoteTarball https://registry.npmjs.org/bower/-/bower-1.6.3.tgz not in flight; adding
34 verbose addRemoteTarball [ 'https://registry.npmjs.org/bower/-/bower-1.6.3.tgz',
34 verbose addRemoteTarball   '70ab999e25dec5c078afcaf545a991f683dc1ea6' ]
35 info retry fetch attempt 1 at 10:32:11 PM
36 info attempt registry request try #1 at 10:32:11 PM
37 http fetch GET https://registry.npmjs.org/bower/-/bower-1.6.3.tgz
38 http fetch 200 https://registry.npmjs.org/bower/-/bower-1.6.3.tgz
39 silly fetchAndShaCheck shasum 70ab999e25dec5c078afcaf545a991f683dc1ea6
40 verbose addTmpTarball C:\Users\Max\AppData\Local\Temp\npm-20400-ba08a3c3\registry.npmjs.org\bower\-\bower-1.6.3.tgz not in flight; adding
41 verbose addTmpTarball already have metadata; skipping unpack for bower@1.6.3
42 silly cache afterAdd bower@1.6.3
43 verbose afterAdd C:\Users\Max\AppData\Roaming\npm-cache\bower\1.6.3\package\package.json not in flight; writing
44 verbose afterAdd C:\Users\Max\AppData\Roaming\npm-cache\bower\1.6.3\package\package.json written
45 silly install resolved [ { name: 'bower',
45 silly install resolved     version: '1.6.3',
45 silly install resolved     description: 'The browser package manager',
45 silly install resolved     author: { name: 'Twitter' },
45 silly install resolved     license: 'MIT',
45 silly install resolved     repository: { type: 'git', url: 'git+https://github.com/bower/bower.git' },
45 silly install resolved     main: 'lib',
45 silly install resolved     homepage: 'http://bower.io',
45 silly install resolved     engines: { node: '>=0.10.0' },
45 silly install resolved     keywords: [ 'bower' ],
45 silly install resolved     dependencies:
45 silly install resolved      { abbrev: '^1.0.5',
45 silly install resolved        archy: '1.0.0',
45 silly install resolved        'bower-config': '^1.2.2',
45 silly install resolved        'bower-endpoint-parser': '^0.2.2',
45 silly install resolved        'bower-json': '^0.4.0',
45 silly install resolved        'bower-logger': '^0.2.2',
45 silly install resolved        'bower-registry-client': '^1.0.0',
45 silly install resolved        cardinal: '0.4.4',
45 silly install resolved        chalk: '^1.0.0',
45 silly install resolved        chmodr: '^1.0.2',
45 silly install resolved        configstore: '^0.3.2',
45 silly install resolved        'decompress-zip': '^0.1.0',
45 silly install resolved        destroy: '^1.0.3',
45 silly install resolved        'fs-write-stream-atomic': '^1.0.4',
45 silly install resolved        fstream: '^1.0.3',
45 silly install resolved        'fstream-ignore': '^1.0.2',
45 silly install resolved        github: '^0.2.3',
45 silly install resolved        glob: '^4.3.2',
45 silly install resolved        'graceful-fs': '^3.0.5',
45 silly install resolved        handlebars: '^2.0.0',
45 silly install resolved        inquirer: '0.10.0',
45 silly install resolved        insight: '^0.7.0',
45 silly install resolved        'is-root': '^1.0.0',
45 silly install resolved        junk: '^1.0.0',
45 silly install resolved        lockfile: '^1.0.0',
45 silly install resolved        'lru-cache': '^2.5.0',
45 silly install resolved        'md5-hex': '^1.0.2',
45 silly install resolved        mkdirp: '0.5.0',
45 silly install resolved        mout: '^0.11.0',
45 silly install resolved        nopt: '^3.0.1',
45 silly install resolved        opn: '^1.0.1',
45 silly install resolved        'p-throttler': '0.1.1',
45 silly install resolved        promptly: '0.2.0',
45 silly install resolved        q: '^1.1.2',
45 silly install resolved        request: '2.53.0',
45 silly install resolved        'request-progress': '0.3.1',
45 silly install resolved        retry: '0.6.1',
45 silly install resolved        rimraf: '^2.2.8',
45 silly install resolved        semver: '^2.3.0',
45 silly install resolved        'shell-quote': '^1.4.2',
45 silly install resolved        'stringify-object': '^1.0.0',
45 silly install resolved        'tar-fs': '^1.4.1',
45 silly install resolved        tmp: '0.0.24',
45 silly install resolved        'update-notifier': '^0.3.0',
45 silly install resolved        'user-home': '^1.1.0',
45 silly install resolved        which: '^1.0.8' },
45 silly install resolved     devDependencies:
45 silly install resolved      { chai: '^1.10.0',
45 silly install resolved        coveralls: '^2.11.2',
45 silly install resolved        'expect.js': '^0.3.1',
45 silly install resolved        grunt: '^0.4.5',
45 silly install resolved        'grunt-cli': '^0.1.13',
45 silly install resolved        'grunt-contrib-jshint': '^0.10.0',
45 silly install resolved        'grunt-contrib-watch': '^0.6.1',
45 silly install resolved        'grunt-exec': '^0.4.6',
45 silly install resolved        'grunt-simple-mocha': '^0.4.0',
45 silly install resolved        istanbul: '^0.3.5',
45 silly install resolved        'load-grunt-tasks': '^2.0.0',
45 silly install resolved        mocha: '^2.1.0',
45 silly install resolved        multiline: '^1.0.2',
45 silly install resolved        nock: '^2.13.0',
45 silly install resolved        'node-uuid': '^1.4.2',
45 silly install resolved        'npm-shrinkwrap': '^5.4.1',
45 silly install resolved        proxyquire: '^1.3.0',
45 silly install resolved        'spawn-sync': '^1.0.5' },
45 silly install resolved     scripts: { test: 'grunt test' },
45 silly install resolved     bin: { bower: 'bin/bower' },
45 silly install resolved     files: [ 'bin', 'lib', 'templates' ],
45 silly install resolved     gitHead: '2330d59ffa8f4f543a9f6ee4b0301e396236bf45',
45 silly install resolved     bugs: { url: 'https://github.com/bower/bower/issues' },
45 silly install resolved     bundleDependencies:
45 silly install resolved      [ 'abbrev',
45 silly install resolved        'archy',
45 silly install resolved        'bower-config',
45 silly install resolved        'bower-endpoint-parser',
45 silly install resolved        'bower-json',
45 silly install resolved        'bower-logger',
45 silly install resolved        'bower-registry-client',
45 silly install resolved        'cardinal',
45 silly install resolved        'chalk',
45 silly install resolved        'chmodr',
45 silly install resolved        'configstore',
45 silly install resolved        'decompress-zip',
45 silly install resolved        'destroy',
45 silly install resolved        'fs-write-stream-atomic',
45 silly install resolved        'fstream',
45 silly install resolved        'fstream-ignore',
45 silly install resolved        'github',
45 silly install resolved        'glob',
45 silly install resolved        'graceful-fs',
45 silly install resolved        'handlebars',
45 silly install resolved        'inquirer',
45 silly install resolved        'insight',
45 silly install resolved        'is-root',
45 silly install resolved        'junk',
45 silly install resolved        'lockfile',
45 silly install resolved        'lru-cache',
45 silly install resolved        'md5-hex',
45 silly install resolved        'mkdirp',
45 silly install resolved        'mout',
45 silly install resolved        'nopt',
45 silly install resolved        'opn',
45 silly install resolved        'p-throttler',
45 silly install resolved        'promptly',
45 silly install resolved        'q',
45 silly install resolved        'request',
45 silly install resolved        'request-progress',
45 silly install resolved        'retry',
45 silly install resolved        'rimraf',
45 silly install resolved        'semver',
45 silly install resolved        'shell-quote',
45 silly install resolved        'stringify-object',
45 silly install resolved        'tar-fs',
45 silly install resolved        'tmp',
45 silly install resolved        'update-notifier',
45 silly install resolved        'user-home',
45 silly install resolved        'which' ],
45 silly install resolved     _id: 'bower@1.6.3',
45 silly install resolved     _shasum: '70ab999e25dec5c078afcaf545a991f683dc1ea6',
45 silly install resolved     _from: 'bower@*',
45 silly install resolved     _npmVersion: '2.14.7',
45 silly install resolved     _nodeVersion: '4.1.1',
45 silly install resolved     _npmUser: { name: 'sheerun', email: 'sheerun@sher.pl' },
45 silly install resolved     dist:
45 silly install resolved      { shasum: '70ab999e25dec5c078afcaf545a991f683dc1ea6',
45 silly install resolved        tarball: 'http://registry.npmjs.org/bower/-/bower-1.6.3.tgz' },
45 silly install resolved     maintainers: [ [Object], [Object], [Object], [Object], [Object], [Object] ],
45 silly install resolved     directories: {},
45 silly install resolved     _resolved: 'https://registry.npmjs.org/bower/-/bower-1.6.3.tgz' } ]
46 info install bower@1.6.3 into C:\Users\Max\AppData\Roaming\npm
47 info installOne bower@1.6.3
48 verbose installOne of bower to C:\Users\Max\AppData\Roaming\npm not in flight; installing
49 verbose lock using C:\Users\Max\AppData\Roaming\npm-cache\_locks\bower-24779ffca71250c4.lock for C:\Users\Max\AppData\Roaming\npm\node_modules\bower
50 silly install write writing bower 1.6.3 to C:\Users\Max\AppData\Roaming\npm\node_modules\bower
51 verbose unbuild node_modules\bower
52 silly gentlyRm C:\Users\Max\AppData\Roaming\npm\node_modules\bower is being purged from base C:\Users\Max\AppData\Roaming\npm
53 verbose gentlyRm don't care about contents; nuking C:\Users\Max\AppData\Roaming\npm\node_modules\bower
54 silly vacuum-fs purging C:\Users\Max\AppData\Roaming\npm\node_modules\bower
55 verbose unlock done using C:\Users\Max\AppData\Roaming\npm-cache\_locks\bower-24779ffca71250c4.lock for C:\Users\Max\AppData\Roaming\npm\node_modules\bower
56 verbose stack Error: EPERM: operation not permitted, unlink 'C:\Users\Max\AppData\Roaming\npm\node_modules\bower\node_modules\bower-config\node_modules\mout\lang\isNaN.js'
56 verbose stack     at Error (native)
57 verbose cwd D:\Desktop\ticktock-web
58 error Windows_NT 10.0.10240
59 error argv "C:\\Program Files\\nodejs\\node.exe" "C:\\Users\\Max\\AppData\\Roaming\\npm\\node_modules\\npm\\bin\\npm-cli.js" "install" "-g" "bower"
60 error node v4.2.1
61 error npm  v2.11.3
62 error path C:\Users\Max\AppData\Roaming\npm\node_modules\bower\node_modules\bower-config\node_modules\mout\lang\isNaN.js
63 error code EPERM
64 error errno -4048
65 error syscall unlink
66 error Error: EPERM: operation not permitted, unlink 'C:\Users\Max\AppData\Roaming\npm\node_modules\bower\node_modules\bower-config\node_modules\mout\lang\isNaN.js'
66 error     at Error (native)
66 error  { [Error: EPERM: operation not permitted, unlink 'C:\Users\Max\AppData\Roaming\npm\node_modules\bower\node_modules\bower-config\node_modules\mout\lang\isNaN.js']
66 error   errno: -4048,
66 error   code: 'EPERM',
66 error   syscall: 'unlink',
66 error   path: 'C:\\Users\\Max\\AppData\\Roaming\\npm\\node_modules\\bower\\node_modules\\bower-config\\node_modules\\mout\\lang\\isNaN.js' }
67 error Please try running this command again as root/Administrator.
68 verbose exit [ -4048, true ]
69 verbose unbuild node_modules\bower
70 silly gentlyRm C:\Users\Max\AppData\Roaming\npm\node_modules\bower is being purged from base C:\Users\Max\AppData\Roaming\npm
71 verbose gentlyRm don't care about contents; nuking C:\Users\Max\AppData\Roaming\npm\node_modules\bower
72 silly vacuum-fs purging C:\Users\Max\AppData\Roaming\npm\node_modules\bower
73 error error rolling back Error: EPERM: operation not permitted, unlink 'C:\Users\Max\AppData\Roaming\npm\node_modules\bower\node_modules\bower-config\node_modules\mout\lang\isNaN.js'
73 error error rolling back     at Error (native)
73 error error rolling back  { [Error: EPERM: operation not permitted, unlink 'C:\Users\Max\AppData\Roaming\npm\node_modules\bower\node_modules\bower-config\node_modules\mout\lang\isNaN.js']
73 error error rolling back   errno: -4048,
73 error error rolling back   code: 'EPERM',
73 error error rolling back   syscall: 'unlink',
73 error error rolling back   path: 'C:\\Users\\Max\\AppData\\Roaming\\npm\\node_modules\\bower\\node_modules\\bower-config\\node_modules\\mout\\lang\\isNaN.js' }
